build/app/outputs/mapping/release/seeds.txt
com.example.bikesafer.MainActivity
com.example.bikesafer.MainActivity: MainActivity()
...
com.huawei.hms.scankit.p.Nb: int c
com.huawei.hianalytics.scankit.mn: void mn(com.huawei.hianalytics.mn.rs.op)
com.huawei.hms.scankit.p.xa: void a(byte[],int)
com.huawei.hms.scankit.p.Ta$b$b: android.util.SparseArray b
com.huawei.hms.mlsdk.common.MLAnalyzer: MLAnalyzer()
com.huawei.hms.hmsscankit.api.IOnErrorCallback$Stub: com.huawei.hms.hmsscankit.api.IOnErrorCallback getDefaultImpl()
com.huawei.hms.scankit.p.Ac: Ac(com.huawei.hms.scankit.p.Bc,android.graphics.Rect,int,float,int[])
com.huawei.hms.ml.common.utils.BuildConfig: java.lang.String APPLICATION_ID
androidx.appcompat.widget.AppCompatTextView: void setTextClassifier(android.view.textclassifier.TextClassifier)
com.huawei.hms.scankit.p.zc: com.huawei.hms.scankit.p.Cc r
com.huawei.hms.scankit.drawable.ScanDrawable: boolean b(com.huawei.hms.scankit.drawable.ScanDrawable,boolean)
com.huawei.hms.feature.DynamicModuleInitializer
com.huawei.hms.mlkit.common.ha.HianalyticsLog: java.lang.String a
com.huawei.hms.scankit.aiscan.common.l: com.huawei.hms.scankit.p.g e(com.huawei.hms.scankit.p.g,float)
com.huawei.hms.scankit.p.Ca$b
com.huawei.hms.scankit.p.rc: rc(byte[],byte[])
com.huawei.hms.ml.scan.HmsScan$ContactDetail$1: HmsScan$ContactDetail$1()
com.huawei.hms.ml.scan.HmsScan: com.huawei.hms.ml.scan.HmsScan$WiFiConnectionInfo getWiFiConnectionInfo()
com.huawei.hms.scankit.p.Ac: android.graphics.Rect g
com.huawei.hms.framework.network.grs.c.b: java.lang.String e()
com.huawei.hms.framework.network.grs.local.model.c: java.lang.String b()
com.huawei.hms.framework.network.grs.d.b.d: void checkServerTrusted(java.security.cert.X509Certificate[],java.lang.String)
com.huawei.hianalytics.mn.op.mn.no: com.huawei.hianalytics.mn.op.mn.no mn
com.huawei.hms.feature.dynamic.DynamicModule: com.huawei.hms.feature.dynamic.DynamicModule$VersionPolicy PREFER_HIGHEST_OR_LOCAL_VERSION
com.huawei.hms.framework.network.grs.GrsBaseInfo: java.lang.String versionName
com.huawei.hms.hmsscankit.api.IRemoteCreator$Stub: int TRANSACTION_newRemoteViewDelegate
com.huawei.hms.ml.scan.HmsScan$PeopleName$1: com.huawei.hms.ml.scan.HmsScan$PeopleName[] newArray(int)
io.flutter.plugin.editing.ImeSyncDeferringInsetsCallback
com.huawei.hms.scankit.p.Q: com.huawei.hms.scankit.aiscan.common.z e
com.huawei.hms.scankit.R$styleable: int ViewfinderView_scankit_laserColor
com.huawei.hms.ml.common.utils.CountryCodeBean: java.lang.String NETWORK_COUNTRY
com.huawei.hms.mlsdk.common.internal.client.event.MonitorResult: MonitorResult()
com.huawei.hms.ml.common.utils.CountryCodeBean: java.lang.String LOCALE_COUNTRYSYSTEMPROP
io.flutter.embedding.engine.FlutterJNI: void setAsyncWaitForVsyncDelegate(io.flutter.embedding.engine.FlutterJNI$AsyncWaitForVsyncDelegate)
com.huawei.hms.ml.camera.CameraMeteringData
com.huawei.hms.framework.common.ExecutorsEnhance$DelegatedExecutorService: void shutdown()
com.huawei.hms.scankit.aiscan.common.F: int e
com.huawei.hms.mlsdk.common.MLApplicationSetting$Factory: com.huawei.hms.mlsdk.common.MLApplicationSetting$Factory setCertFingerprint(java.lang.String)
com.huawei.hianalytics.mn.op.mn.no: com.huawei.hianalytics.mn.op.mn.no valueOf(java.lang.String)
com.huawei.hms.ml.camera.CameraManager: int lastDelayTime
com.huawei.hms.scankit.p.Eb$a: Eb$a()
com.huawei.hms.scankit.R$id: int scankit_return_scan_result
com.huawei.hms.scankit.p.Sb: int a(java.lang.CharSequence,int,int)
com.huawei.hms.scankit.p.lc: int a()
com.huawei.hms.scankit.aiscan.common.m: int a
com.huawei.hianalytics.mn.mn.op: boolean uv(java.lang.String,java.lang.String)
com.huawei.hms.framework.common.StringUtils: java.lang.String byte2Str(byte[])
com.huawei.hms.scankit.p._b
com.huawei.hms.feature.dynamic.DeferredLifecycleHelper: com.huawei.hms.feature.dynamic.OnDelegateCreatedListener e
com.huawei.hianalytics.mn.no.op.mn.op: java.lang.String pq
com.huawei.hms.scankit.p.w: void a(com.huawei.hms.scankit.p.i,com.huawei.hms.scankit.aiscan.common.x,float,com.huawei.hms.scankit.p.v)