build/app/outputs/mapping/release/mapping.txt
# compiler: R8
# compiler_version: 2.1.62
# min_api: 20
# pg_map_id: 5ebfcd0
# common_typos_disable
...
io.flutter.plugin.common.MethodChannel$Result -> c.a.c.a.j$d:
    void error(java.lang.String,java.lang.String,java.lang.Object) -> a
    void success(java.lang.Object) -> b
    void notImplemented() -> c
io.flutter.plugin.common.MethodCodec -> c.a.c.a.k:
    java.nio.ByteBuffer encodeSuccessEnvelope(java.lang.Object) -> a
    io.flutter.plugin.common.MethodCall decodeMethodCall(java.nio.ByteBuffer) -> b
    java.lang.Object decodeEnvelope(java.nio.ByteBuffer) -> c
    java.nio.ByteBuffer encodeErrorEnvelopeWithStacktrace(java.lang.String,java.lang.String,java.lang.Object,java.lang.String) -> d
    java.nio.ByteBuffer encodeMethodCall(io.flutter.plugin.common.MethodCall) -> e
    java.nio.ByteBuffer encodeErrorEnvelope(java.lang.String,java.lang.String,java.lang.Object) -> f
io.flutter.plugin.common.PluginRegistry$ActivityResultListener -> c.a.c.a.l:
    boolean onActivityResult(int,int,android.content.Intent) -> a
io.flutter.plugin.common.PluginRegistry$NewIntentListener -> c.a.c.a.m:
    boolean onNewIntent(android.content.Intent) -> b
io.flutter.plugin.common.PluginRegistry$RequestPermissionsResultListener -> c.a.c.a.n:
io.flutter.plugin.common.PluginRegistry$UserLeaveHintListener -> c.a.c.a.o:
    void onUserLeaveHint() -> d
io.flutter.plugin.common.StandardMessageCodec -> c.a.c.a.p:
    java.nio.charset.Charset UTF8 -> c
    io.flutter.plugin.common.StandardMessageCodec INSTANCE -> a
    boolean LITTLE_ENDIAN -> b
    java.lang.Object decodeMessage(java.nio.ByteBuffer) -> a
    java.nio.ByteBuffer encodeMessage(java.lang.Object) -> b
    void readAlignment(java.nio.ByteBuffer,int) -> c
    byte[] readBytes(java.nio.ByteBuffer) -> d
    int readSize(java.nio.ByteBuffer) -> e
    java.lang.Object readValue(java.nio.ByteBuffer) -> f
    java.lang.Object readValueOfType(byte,java.nio.ByteBuffer) -> g
    void writeAlignment(java.io.ByteArrayOutputStream,int) -> h
    void writeBytes(java.io.ByteArrayOutputStream,byte[]) -> i
    void writeChar(java.io.ByteArrayOutputStream,int) -> j
    void writeDouble(java.io.ByteArrayOutputStream,double) -> k
    void writeFloat(java.io.ByteArrayOutputStream,float) -> l
    void writeInt(java.io.ByteArrayOutputStream,int) -> m
    void writeLong(java.io.ByteArrayOutputStream,long) -> n
    void writeSize(java.io.ByteArrayOutputStream,int) -> o
    void writeValue(java.io.ByteArrayOutputStream,java.lang.Object) -> p
io.flutter.plugin.common.StandardMessageCodec$ExposedByteArrayOutputStream -> c.a.c.a.p$a:
    byte[] buffer() -> a
io.flutter.plugin.common.StandardMethodCodec -> c.a.c.a.q:
    io.flutter.plugin.common.StandardMessageCodec messageCodec -> a
    io.flutter.plugin.common.StandardMethodCodec INSTANCE -> b
    java.nio.ByteBuffer encodeSuccessEnvelope(java.lang.Object) -> a
    io.flutter.plugin.common.MethodCall decodeMethodCall(java.nio.ByteBuffer) -> b
    java.lang.Object decodeEnvelope(java.nio.ByteBuffer) -> c
    java.nio.ByteBuffer encodeErrorEnvelopeWithStacktrace(java.lang.String,java.lang.String,java.lang.Object,java.lang.String) -> d
    java.nio.ByteBuffer encodeMethodCall(io.flutter.plugin.common.MethodCall) -> e
    java.nio.ByteBuffer encodeErrorEnvelope(java.lang.String,java.lang.String,java.lang.Object) -> f
    java.lang.String getStackTrace(java.lang.Throwable) -> g
io.flutter.plugin.common.StringCodec -> c.a.c.a.r:
    java.nio.charset.Charset UTF8 -> a
    io.flutter.plugin.common.StringCodec INSTANCE -> b
    java.lang.Object decodeMessage(java.nio.ByteBuffer) -> a
    java.nio.ByteBuffer encodeMessage(java.lang.Object) -> b
    java.lang.String decodeMessage(java.nio.ByteBuffer) -> c
    java.nio.ByteBuffer encodeMessage(java.lang.String) -> d