build/app/outputs/mapping/release/usage.txt
com.example.bikesafer.R$drawable
com.example.bikesafer.R$layout
com.example.bikesafer.R$styleable
com.example.bikesafer.R$attr
com.example.bikesafer.R$string
com.example.bikesafer.R$color
com.example.bikesafer.R$dimen
com.example.bikesafer.R$id
com.example.bikesafer.R$integer
com.example.bikesafer.R$style
com.example.bikesafer.R$bool
com.example.bikesafer.R$mipmap
com.example.bikesafer.BuildConfig
com.example.bikesafer.R
com.example.bikesafer.R$interpolator
com.example.bikesafer.R$anim
com.example.bikesafer.R$raw
...
com.huawei.agconnect.config.a.a$1
kotlin.OptIn
com.google.common.collect.Multimaps$UnmodifiableSortedSetMultimap
androidx.core.os.HandlerKt$postAtTime$runnable$1
kotlin.internal.RequireKotlinVersionKind
com.google.android.gms.common.api.internal.zza:
    public final boolean isCreated()
    public final boolean isStarted()
kotlin.collections.ArraysKt___ArraysJvmKt$asList$1
kotlin.StandardKt
androidx.core.app.NotificationCompat$GroupAlertBehavior
androidx.appcompat.widget.AppCompatSpinner:
    public void <init>(android.content.Context)
    public void <init>(android.content.Context,int)
    private static final int MAX_ITEMS_MEASURED
    private static final java.lang.String TAG
    private static final int MODE_DIALOG
    private static final int MODE_DROPDOWN
    private static final int MODE_THEME
com.google.common.collect.TreeRangeSet$ComplementRangesByLowerBound$1
kotlin.jvm.JvmSynthetic
com.google.android.gms.tasks.zzj
com.google.common.collect.FilteredEntryMultimap$Keys$1$1
kotlin.reflect.KMutableProperty1
com.google.common.collect.ImmutableRangeSet$Builder
com.google.common.util.concurrent.MoreExecutors$ScheduledListeningDecorator
kotlin.io.ConstantsKt
com.huawei.hmf.tasks.TaskExecutors:
    public static java.util.concurrent.Executor immediate()
    public static java.util.concurrent.Executor uiThread()
org.checkerframework.checker.nullness.compatqual.PolyNullDecl
com.google.common.collect.ForwardingImmutableCollection
com.google.common.io.Files$FileByteSink
kotlin.time.Duration$Companion
com.google.zxing.pdf417.PDF417Reader:
    public com.google.zxing.Result[] decodeMultiple(com.google.zxing.BinaryBitmap)
    public com.google.zxing.Result[] decodeMultiple(com.google.zxing.BinaryBitmap,java.util.Map)
androidx.core.text.TextDirectionHeuristicsCompat$AnyStrong
org.intellij.lang.annotations.JdkConstants$TreeSelectionMode
io.flutter.plugins.urllauncher.R$dimen
kotlin.PreconditionsKt
kotlin._Assertions
kotlin.coroutines.CombinedContext
androidx.appcompat.widget.ScrollingTabContainerView:
    public void <init>(android.content.Context)
    private androidx.appcompat.widget.LinearLayoutCompat createTabLayout()
    public void animateToVisibility(int)
    public void addTab(androidx.appcompat.app.ActionBar$Tab,boolean)
    public void addTab(androidx.appcompat.app.ActionBar$Tab,int,boolean)
    public void updateTab(int)
    public void removeTabAt(int)
    public void removeAllTabs()
    protected android.view.ViewPropertyAnimator mVisibilityAnim
    protected final androidx.appcompat.widget.ScrollingTabContainerView$VisibilityAnimListener mVisAnimListener
    private static final java.lang.String TAG
    private static final int FADE_DURATION
com.google.android.gms.common.internal.ImagesContract
com.google.common.util.concurrent.internal.InternalFutures:
    private void <init>()
com.google.zxing.common.DecoderResult:
    public java.lang.Integer getErrorsCorrected()
    public java.lang.Integer getErasures()
com.google.common.util.concurrent.TimeLimiter
com.google.common.base.Suppliers$SupplierOfInstance
com.google.common.base.Equivalence$1
androidx.core.app.NotificationCompat$1
com.google.common.collect.Maps$FilteredMapValues
com.google.common.util.concurrent.CycleDetectingLockFactory$CycleDetectingReentrantWriteLock
com.google.common.util.concurrent.ServiceManager$ServiceManagerState
com.google.common.collect.Sets$5$1$1$1
com.google.android.gms.dynamic.zad
com.google.common.base.Functions$1
com.google.common.cache.LocalCache$WeightedSoftValueReference
com.google.android.gms.common.data.zab
com.google.common.base.Predicates$ObjectPredicate$4
androidx.annotation.XmlRes
kotlin.io.LineReader
androidx.lifecycle.ViewModelStore:
    java.util.Set keys()
com.google.common.base.Predicates$ContainsPatternPredicate
androidx.appcompat.R
com.google.common.util.concurrent.Service$1
com.google.common.eventbus.Dispatcher$LegacyAsyncDispatcher
com.google.android.gms.common.internal.IResolveAccountCallbacks$Stub$Proxy